{
  "0 debug pnpm:scope": {
    "selected": 1
  },
  "1 error pnpm": {
    "code": "ELIFECYCLE",
    "errno": "ENOENT",
    "syscall": "spawn",
    "file": "sh",
    "pkgid": "nummus@0.0.1",
    "stage": "dev",
    "script": "svelte-kit dev --host",
    "pkgname": "nummus",
    "err": {
      "name": "pnpm",
      "message": "nummus@0.0.1 dev: `svelte-kit dev --host`\nspawn ENOENT",
      "code": "ELIFECYCLE",
      "stack": "pnpm: nummus@0.0.1 dev: `svelte-kit dev --host`\nspawn ENOENT\n    at ChildProcess.<anonymous> (/Users/cryptodeal/.nvm/versions/node/v16.4.2/pnpm-global/5/node_modules/.pnpm/pnpm@6.18.0/node_modules/pnpm/dist/pnpm.cjs:92818:22)\n    at ChildProcess.emit (node:events:394:28)\n    at maybeClose (node:internal/child_process:1067:16)\n    at Process.ChildProcess._handle.onexit (node:internal/child_process:301:5)"
    }
  }
}